RSPRSSSSRRPRRSRPPRRRRRRPRPRRRRPR
RPRRPRSRRRPRRRRPRRRPPRRPRRRPPRRR
RRRPRRRPSSSSRRRPPRRRSRPRPRRRPRRR
PRRPPRPPRPRRPRSRRRPRRRPRPRRRPRPP
SSRPPPPPPRRRRRPRRRRPRPRRPPPPPPPP
RSPRRRPRRRPRPRRRRRRPPRRRRRRPPRRP
RSPRRRPRRRPPRRPPRPPRSSPSSSPSSPSS
RPSRPSSSPPSPSSSSSSSPSPPPPPPPPPPP
RPSRPPSPPSSPPSPSPSPPSSPPSSSPSSPP
RPRSRPRRRPPSSSPSSSSSSSPSPSSSSSSS
RPSRRPSRPRSRRRRPRPPRRRRPRRPRSSPP
SSPSPRPSPPRSRRRPRRRPRPRPRRRPPPPP
RPPSPRPSPSSSPSSSSSSSSSSSSSSSSSSS
RPPSPPSRRPRRRRPRRRRPRSPRRPRRPSSP
PRRRRSPRRRRPPRRRPRRRRRPRRPRRSSSS
RPSRSRPPRPPRPSSSPSPSSSPSSPSPSSPP
RRRPSPSSPSSPSSPPPSPSSSSSSSSSSSSS
RPRRPRRRRRPRRPRRSSSSSSSSSSSSSSSS
PSSSRRPRPPRPRPPPPPPPPPPPPPPPPPPP
PRPPSSSSSSPPSSPSPPPPPPPPPPPPPPPP
SRPRSRRPRRPRRRRPRRPPRRPRRRPRRPRR
SSRPPRRRSRRPSSPRRPRRRRRPPRRPRPRR
RPSRRPPRRPSSSSSSSSSSSSSSSSSSSSSS
PRRPPRRRPRRRSPPSSSSSSSSSSSSSSSSS
RPPPSPSSPPPPPPPPPPPPPPPPPPPPPPPP
RPSRSRRPSRPRRRPRRRPRPSPRPSRPSSPP
SRRPPRRRPRSRRRRPPSPSPPSSSSSSSSSS
RRRPPPPPSSPSSPSPSSSPSSPSSSSSSSSS
RPPRRRRPSRRPPRRRRPRRRRRPRPRRSSSS
RRPRPRRPRSRPPRRPRPPRPSPPSSSPPSSS
RPSPRPSSPRPRPRPRPRRRPRRRPPPRPPPP
RRRPRRPRPSPSSPSSSSSSSSSSSSSSSSSS
PSPSSRRPPRRRRRPRRSPRPPRRRPRRRRPP
SRPPSRRPRPSSPSPPPSSSPPSPPSPPPPPP
SRPRRRPRPRRRPRPRPRPRRPPRRRRPPPRR
RPSRRRPRPPPSRPRRPPSPSSPPPPPPPPPP
RPRRPRRSRSPRRPRSRPPPRRPRRPRRRPPP
RRRPPSPRRPRRRPRRPRRRRPSSSSSSSSSS
SSPRSSPSRPRRPRPSRPRRPPRRPPRRRRRP
RSRPPPRRPSRPRPRRPRRRRRPRRRPRRRPP
RRPPRPRPPRRRPSRPRRRPPPSSPPSSPSSS
RPRRRRPRPSRPSPSSSPPSPSSSSSSSSSSS
RRPPSSPSSSSSSSPSPPSPSSPPPPPPPPPP
PRRSRRPRRPRRRPRRSSRPPRRRSPSSSSSS
RRPRPRRRRPRPPRRRSRRPSSPRPSPSSSSS
PPSSRPRPRPPPSRRPSPSSSSSSSSSSSSSS
RPRRPRRRPRPRSSSSSSSSSSSSSSSSSSSS
PRRPRPRRRRRPSRPRSSSSRSPRRPRRPSSS
SSRPRRPRRRPPRPRRPPRRRRRPRPPPPPPP
PRRRPRRRRRRPPRRRSSSSSSSSSSSSSSSS
