RPSPPRRRPRSRRPSRSSSSSSSSSSSSSSSS
PRRRPRSSRSPRRRPRRRRPRPRRRPRRRRRP
PRRSPPPPRRPRRRPRRRPRPRRRRPPPPPPP
SRPRPRSSRSPRPRRRPRRSRPRRPPSSSSSS
SPPPPRRSRSPRRRRPRPPPPPPPPPPPPPPP
RPRSSPSPPPSSPSPSPSSSPSSSSSSSSSSS
PRSSSRPRPRRRPRRRRPRRRRPRRRPRRRPR
RPSRRPRRRPRRPRRSRRRPPRSRRPRRSSSS
RPPRSSPPRRPRRPPPPPSSPPSSSSSSSSSS
PPRRPRRRRPRRPRRRRPRSSSSPSRPRSSSS
PRRRPSPSPPPPPPPPPPPPPPPPPPPPPPPP
SPSSRRPRRRPRRRPRPRRRRRPRRRPRRRRP
RPRRRPSSPRRRRPSSSSSSSSSSSSSSSSSS
RRPRRRPRRSRPRRRPRRPPSSSSSSSSSSSS
SSRPPRSRRRPRRRRPRPPRRPRRRRRPRPRR
RPRSRPPPPRRPRPRRPPRSPRRRRRRPPPPP
RRRPRRPRRRRPRPRSSSSSSSSSSSSSSSSS
RPPSRPRSSPSSSPPPPPPPPPPPPPPPPPPP
SPPRPRPRPRRRRRPRPRRPPRRRRPPPPPPP
PRSRPRRRRRRPRPRRPPRRRPRRRPRRPRRR
RRPRPPRRRPSPSSSPPSSSSSSSSSSSSSSS
PRRSSPSSPRSSRSPPRSPPPPPPPPPPPPPP
PRSPSSPPSSPPSPSSPSSSSPSSSSSSSSSS
PRSRPSPRPRRRRSRPPRRSPRRRPRRRRRPP
RRRPSSPRRPRRRRPRRPRPPRRRSSSSSSSS
RPRSRPPRPPRSPSSSSSSSSSSSSSSSSSSS
RRPRRRPRRPSRRRRPRRRPSPSPSSPSSSSS
PRRRRSPPPPSRPPSSSSPPSSPSSSPSSPSS
RPSRRRRPRRPRRPRSRRRPSSPSPSSSPPSS
SRPRRPRPRSPRPRRRPRRRRPPRRRRPPRRR
RPPRRRPRPSRPSPPPPSSSSSSSSSSSSSSS
RRRPRSPPPPPSPPSPSPPPPSPPPSPSSPSP
PRSRPRPSSSPSSSPPPSSSSSSSSSSSSSSS
PSPPSRPRRSPPRRRPRRRPRRPRRPPRRPRR
PRPSPPSRPRRRRPPRSPSSSSSSSSSSSSSS
RSPRPPSPPPSRPPPPPPPPPPPPPPPPPPPP
RRPPRPRRPPPPPSPSPPPPPPPSSSSPPPSS
PSPRPRRRPRRRPRPPPPPPPPPPPPPPPPPP
RSPRSRRPPRRRRSRPPRSRRSRPRPRRSPSP
PRPRPPSPPRSSSPPPPPPPPPPPPPPPPPPP
SRRPSSSSPRSRPRRSRPSPPPRSRSPRRRRP
RSPRSSRPRRRPRPRRRRPRPRRRPPPRRRRP
PRRRRPSRRRPRRRPRSSPPSSPPSSPPPPPP
RPRSSPPSPSSSSSPSPPSPPPPPPSSPPPPP
SPRPPSSSPPSPSPPSSSSSSSSSSSSSSSSS
SRPRPPPRRRPRPRRRRPRRSPPPPSSSSSSS
PRPPSPPSSPPSSSSPPPPPPPPPPPPPPPPP
RPRRPRRRSPSPPSPSPPPPPPPPPPPPPPPP
RRPRSRPRPRRSRRPRRRPPRRRPRPRSRPRS
PRRPPSPSPPPPPSPPSPPPSSPPPPPPPPPP
